Traceback (most recent call last):
  File "/app/compliance_mon.py", line 22, in <module>
    import pytz
ModuleNotFoundError: No module named 'pytz'
Traceback (most recent call last):
  File "/app/compliance_mon.py", line 22, in <module>
    import pytz
ModuleNotFoundError: No module named 'pytz'
Traceback (most recent call last):
  File "/app/compliance_mon.py", line 22, in <module>
    import pytz
ModuleNotFoundError: No module named 'pytz'
Traceback (most recent call last):
  File "/app/compliance_mon.py", line 22, in <module>
    import pytz
ModuleNotFoundError: No module named 'pytz'
Traceback (most recent call last):
  File "/app/compliance_mon.py", line 22, in <module>
    import pytz
ModuleNotFoundError: No module named 'pytz'
TERM environment variable not set.
